#
# There is insufficient memory for the Java Runtime Environment to continue.
# Native memory allocation (malloc) failed to allocate 2418576 bytes for Chunk::new
# Possible reasons:
#   The system is out of physical RAM or swap space
#   In 32 bit mode, the process size limit was hit
# Possible solutions:
#   Reduce memory load on the system
#   Increase physical memory or swap space
#   Check if swap backing store is full
#   Use 64 bit Java on a 64 bit OS
#   Decrease Java heap size (-Xmx/-Xms)
#   Decrease number of Java threads
#   Decrease Java thread stack sizes (-Xss)
#   Set larger code cache with -XX:ReservedCodeCacheSize=
# This output file may be truncated or incomplete.
#
#  Out of Memory Error (allocation.cpp:390), pid=7588, tid=0x0000000000002c04
#
# JRE version: Java(TM) SE Runtime Environment (8.0_181-b13) (build 1.8.0_181-b13)
# Java VM: Java HotSpot(TM) 64-Bit Server VM (25.181-b13 mixed mode windows-amd64 compressed oops)
# Failed to write core dump. Minidumps are not enabled by default on client versions of Windows
#

---------------  T H R E A D  ---------------

Current thread (0x00000000196df000):  JavaThread "C2 CompilerThread0" daemon [_thread_in_native, id=11268, stack(0x000000001abe0000,0x000000001ace0000)]

Stack: [0x000000001abe0000,0x000000001ace0000]
[error occurred during error reporting (printing stack bounds), id 0xc0000005]

Native frames: (J=compiled Java code, j=interpreted, Vv=VM code, C=native code)


Current CompileTask:
C2:   9051 2773       4       java.net.URLClassLoader$1::run (5 bytes)


---------------  P R O C E S S  ---------------

Java Threads: ( => current thread )
  0x000000001ea26800 JavaThread "Okio Watchdog" daemon [_thread_blocked, id=3796, stack(0x0000000022870000,0x0000000022970000)]
  0x000000001ea29000 JavaThread "OkHttp ConnectionPool" daemon [_thread_blocked, id=10212, stack(0x0000000022770000,0x0000000022870000)]
  0x000000001ea23000 JavaThread "ForkJoinPool.commonPool-worker-11" daemon [_thread_blocked, id=19572, stack(0x0000000022470000,0x0000000022570000)]
  0x000000001ea23800 JavaThread "ForkJoinPool.commonPool-worker-2" daemon [_thread_blocked, id=9128, stack(0x0000000022370000,0x0000000022470000)]
  0x000000002144c000 JavaThread "ForkJoinPool.commonPool-worker-9" daemon [_thread_blocked, id=12148, stack(0x0000000022270000,0x0000000022370000)]
  0x000000001f01b000 JavaThread "Exec Stream Pumper" daemon [_thread_in_native, id=10452, stack(0x0000000020d50000,0x0000000020e50000)]
  0x000000001ceba800 JavaThread "Exec Stream Pumper" daemon [_thread_in_native, id=5480, stack(0x0000000020c50000,0x0000000020d50000)]
  0x000000001cebc000 JavaThread "UrlChecker-2" daemon [_thread_blocked, id=4272, stack(0x000000001f860000,0x000000001f960000)]
  0x000000002094c800 JavaThread "Exec Default Executor" daemon [_thread_in_native, id=20372, stack(0x000000001f760000,0x000000001f860000)]
  0x0000000019774000 JavaThread "Service Thread" daemon [_thread_blocked, id=17464, stack(0x000000001afe0000,0x000000001b0e0000)]
  0x00000000196f5000 JavaThread "C1 CompilerThread3" daemon [_thread_blocked, id=17156, stack(0x000000001aee0000,0x000000001afe0000)]
  0x00000000196f4000 JavaThread "C2 CompilerThread2" daemon [_thread_blocked, id=1488, stack(0x000000001ade0000,0x000000001aee0000)]
  0x00000000196e6000 JavaThread "C2 CompilerThread1" daemon [_thread_in_native, id=9096, stack(0x000000001ace0000,0x000000001ade0000)]
=>0x00000000196df000 JavaThread "C2 CompilerThread0" daemon [_thread_in_native, id=11268, stack(0x000000001abe0000,0x000000001ace0000)]
  0x00000000196dd800 JavaThread "Attach Listener" daemon [_thread_blocked, id=9648, stack(0x000000001aae0000,0x000000001abe0000)]
  0x0000000019688000 JavaThread "Signal Dispatcher" daemon [_thread_blocked, id=9156, stack(0x000000001a9e0000,0x000000001aae0000)]
  0x0000000017f98000 JavaThread "Finalizer" daemon [_thread_blocked, id=964, stack(0x000000001a8e0000,0x000000001a9e0000)]
  0x0000000019663000 JavaThread "Reference Handler" daemon [_thread_blocked, id=2396, stack(0x000000001a7e0000,0x000000001a8e0000)]
  0x0000000002c2a800 JavaThread "Forwarding get on session bbe5713eb188babb010b185eaf97e395 to remote" [_thread_in_native, id=13536, stack(0x0000000002b20000,0x0000000002c20000)]

Other Threads:
  0x0000000017f88000 VMThread [stack: 0x000000001a6e0000,0x000000001a7e0000] [id=15608]
  0x00000000197db000 WatcherThread [stack: 0x000000001b0e0000,0x000000001b1e0000] [id=19104]

VM state:not at safepoint (normal execution)

VM Mutex/Monitor currently owned by a thread: None

Heap:
 PSYoungGen      total 141824K, used 102039K [0x00000000d5580000, 0x00000000dea80000, 0x0000000100000000)
  eden space 131072K, 77% used [0x00000000d5580000,0x00000000db925fe8,0x00000000dd580000)
  from space 10752K, 0% used [0x00000000de000000,0x00000000de000000,0x00000000dea80000)
  to   space 10752K, 0% used [0x00000000dd580000,0x00000000dd580000,0x00000000de000000)
 ParOldGen       total 116224K, used 13183K [0x0000000080000000, 0x0000000087180000, 0x00000000d5580000)
  object space 116224K, 11% used [0x0000000080000000,0x0000000080cdfdb8,0x0000000087180000)
 Metaspace       used 28591K, capacity 29494K, committed 29568K, reserved 1075200K
  class space    used 3429K, capacity 3653K, committed 3712K, reserved 1048576K

Card table byte_map: [0x00000000120e0000,0x00000000124f0000] byte_map_base: 0x0000000011ce0000

Marking Bits: (ParMarkBitMap*) 0x000000005f212d00
 Begin Bits: [0x00000000131a0000, 0x00000000151a0000)
 End Bits:   [0x00000000151a0000, 0x00000000171a0000)

Polling page: 0x0000000000860000

CodeCache: size=245760Kb used=11913Kb max_used=11931Kb free=233846Kb
 bounds [0x0000000002d20000, 0x00000000038d0000, 0x0000000011d20000]
 total_blobs=3497 nmethods=2818 adapters=590
 compilation: enabled

Compilation events (10 events):
Event: 8.741 Thread 0x00000000196f4000 2833       4       java.util.regex.Matcher::match (109 bytes)
Event: 8.753 Thread 0x00000000196f4000 nmethod 2833 0x00000000038bc910 code [0x00000000038bca80, 0x00000000038bcfd8]
Event: 8.753 Thread 0x00000000196f4000 2797       4       java.lang.Character::isHighSurrogate (18 bytes)
Event: 8.753 Thread 0x00000000196f4000 nmethod 2797 0x00000000038bd9d0 code [0x00000000038bdb00, 0x00000000038bdb58]
Event: 8.754 Thread 0x00000000196f4000 2807       4       java.lang.Integer::valueOf (32 bytes)
Event: 8.754 Thread 0x00000000196f4000 nmethod 2807 0x00000000038bd710 code [0x00000000038bd860, 0x00000000038bd938]
Event: 8.754 Thread 0x00000000196f4000 2781       4       java.io.DataOutputStream::writeShort (35 bytes)
Event: 8.789 Thread 0x00000000196f4000 nmethod 2781 0x00000000038b7b90 code [0x00000000038b7d60, 0x00000000038b9c38]
Event: 8.789 Thread 0x00000000196f4000 2808       4       java.util.ArrayList$Itr::<init> (26 bytes)
Event: 8.789 Thread 0x00000000196f4000 nmethod 2808 0x00000000038bd450 code [0x00000000038bd580, 0x00000000038bd618]

GC Heap History (10 events):
Event: 0.762 GC heap before
{Heap before GC invocations=1 (full 0):
 PSYoungGen      total 76288K, used 65536K [0x00000000d5580000, 0x00000000daa80000, 0x0000000100000000)
  eden space 65536K, 100% used [0x00000000d5580000,0x00000000d9580000,0x00000000d9580000)
  from space 10752K, 0% used [0x00000000da000000,0x00000000da000000,0x00000000daa80000)
  to   space 10752K, 0% used [0x00000000d9580000,0x00000000d9580000,0x00000000da000000)
 ParOldGen       total 175104K, used 0K [0x0000000080000000, 0x000000008ab00000, 0x00000000d5580000)
  object space 175104K, 0% used [0x0000000080000000,0x0000000080000000,0x000000008ab00000)
 Metaspace       used 9957K, capacity 10038K, committed 10240K, reserved 1058816K
  class space    used 1120K, capacity 1169K, committed 1280K, reserved 1048576K
Event: 0.767 GC heap after
Heap after GC invocations=1 (full 0):
 PSYoungGen      total 76288K, used 7428K [0x00000000d5580000, 0x00000000daa80000, 0x0000000100000000)
  eden space 65536K, 0% used [0x00000000d5580000,0x00000000d5580000,0x00000000d9580000)
  from space 10752K, 69% used [0x00000000d9580000,0x00000000d9cc1330,0x00000000da000000)
  to   space 10752K, 0% used [0x00000000da000000,0x00000000da000000,0x00000000daa80000)
 ParOldGen       total 175104K, used 16K [0x0000000080000000, 0x000000008ab00000, 0x00000000d5580000)
  object space 175104K, 0% used [0x0000000080000000,0x0000000080004000,0x000000008ab00000)
 Metaspace       used 9957K, capacity 10038K, committed 10240K, reserved 1058816K
  class space    used 1120K, capacity 1169K, committed 1280K, reserved 1048576K
}
Event: 1.237 GC heap before
{Heap before GC invocations=2 (full 0):
 PSYoungGen      total 76288K, used 72964K [0x00000000d5580000, 0x00000000daa80000, 0x0000000100000000)
  eden space 65536K, 100% used [0x00000000d5580000,0x00000000d9580000,0x00000000d9580000)
  from space 10752K, 69% used [0x00000000d9580000,0x00000000d9cc1330,0x00000000da000000)
  to   space 10752K, 0% used [0x00000000da000000,0x00000000da000000,0x00000000daa80000)
 ParOldGen       total 175104K, used 16K [0x0000000080000000, 0x000000008ab00000, 0x00000000d5580000)
  object space 175104K, 0% used [0x0000000080000000,0x0000000080004000,0x000000008ab00000)
 Metaspace       used 16905K, capacity 17114K, committed 17408K, reserved 1064960K
  class space    used 1863K, capacity 1931K, committed 2048K, reserved 1048576K
Event: 1.243 GC heap after
Heap after GC invocations=2 (full 0):
 PSYoungGen      total 76288K, used 9571K [0x00000000d5580000, 0x00000000daa80000, 0x0000000100000000)
  eden space 65536K, 0% used [0x00000000d5580000,0x00000000d5580000,0x00000000d9580000)
  from space 10752K, 89% used [0x00000000da000000,0x00000000da958dc8,0x00000000daa80000)
  to   space 10752K, 0% used [0x00000000d9580000,0x00000000d9580000,0x00000000da000000)
 ParOldGen       total 175104K, used 88K [0x0000000080000000, 0x000000008ab00000, 0x00000000d5580000)
  object space 175104K, 0% used [0x0000000080000000,0x0000000080016010,0x000000008ab00000)
 Metaspace       used 16905K, capacity 17114K, committed 17408K, reserved 1064960K
  class space    used 1863K, capacity 1931K, committed 2048K, reserved 1048576K
}
Event: 1.755 GC heap before
{Heap before GC invocations=3 (full 0):
 PSYoungGen      total 76288K, used 75107K [0x00000000d5580000, 0x00000000daa80000, 0x0000000100000000)
  eden space 65536K, 100% used [0x00000000d5580000,0x00000000d9580000,0x00000000d9580000)
  from space 10752K, 89% used [0x00000000da000000,0x00000000da958dc8,0x00000000daa80000)
  to   space 10752K, 0% used [0x00000000d9580000,0x00000000d9580000,0x00000000da000000)
 ParOldGen       total 175104K, used 88K [0x0000000080000000, 0x000000008ab00000, 0x00000000d5580000)
  object space 175104K, 0% used [0x0000000080000000,0x0000000080016010,0x000000008ab00000)
 Metaspace       used 20435K, capacity 20730K, committed 21120K, reserved 1069056K
  class space    used 2266K, capacity 2368K, committed 2432K, reserved 1048576K
Event: 1.763 GC heap after
Heap after GC invocations=3 (full 0):
 PSYoungGen      total 76288K, used 10739K [0x00000000d5580000, 0x00000000dea80000, 0x0000000100000000)
  eden space 65536K, 0% used [0x00000000d5580000,0x00000000d5580000,0x00000000d9580000)
  from space 10752K, 99% used [0x00000000d9580000,0x00000000d9ffcd60,0x00000000da000000)
  to   space 10752K, 0% used [0x00000000de000000,0x00000000de000000,0x00000000dea80000)
 ParOldGen       total 175104K, used 904K [0x0000000080000000, 0x000000008ab00000, 0x00000000d5580000)
  object space 175104K, 0% used [0x0000000080000000,0x00000000800e2238,0x000000008ab00000)
 Metaspace       used 20435K, capacity 20730K, committed 21120K, reserved 1069056K
  class space    used 2266K, capacity 2368K, committed 2432K, reserved 1048576K
}
Event: 1.921 GC heap before
{Heap before GC invocations=4 (full 0):
 PSYoungGen      total 76288K, used 51061K [0x00000000d5580000, 0x00000000dea80000, 0x0000000100000000)
  eden space 65536K, 61% used [0x00000000d5580000,0x00000000d7ce0870,0x00000000d9580000)
  from space 10752K, 99% used [0x00000000d9580000,0x00000000d9ffcd60,0x00000000da000000)
  to   space 10752K, 0% used [0x00000000de000000,0x00000000de000000,0x00000000dea80000)
 ParOldGen       total 175104K, used 904K [0x0000000080000000, 0x000000008ab00000, 0x00000000d5580000)
  object space 175104K, 0% used [0x0000000080000000,0x00000000800e2238,0x000000008ab00000)
 Metaspace       used 20758K, capacity 21050K, committed 21296K, reserved 1069056K
  class space    used 2284K, capacity 2368K, committed 2432K, reserved 1048576K
Event: 1.929 GC heap after
Heap after GC invocations=4 (full 0):
 PSYoungGen      total 141824K, used 10747K [0x00000000d5580000, 0x00000000dea80000, 0x0000000100000000)
  eden space 131072K, 0% used [0x00000000d5580000,0x00000000d5580000,0x00000000dd580000)
  from space 10752K, 99% used [0x00000000de000000,0x00000000dea7ee58,0x00000000dea80000)
  to   space 10752K, 0% used [0x00000000dd580000,0x00000000dd580000,0x00000000de000000)
 ParOldGen       total 175104K, used 3389K [0x0000000080000000, 0x000000008ab00000, 0x00000000d5580000)
  object space 175104K, 1% used [0x0000000080000000,0x000000008034f408,0x000000008ab00000)
 Metaspace       used 20758K, capacity 21050K, committed 21296K, reserved 1069056K
  class space    used 2284K, capacity 2368K, committed 2432K, reserved 1048576K
}
Event: 1.929 GC heap before
{Heap before GC invocations=5 (full 1):
 PSYoungGen      total 141824K, used 10747K [0x00000000d5580000, 0x00000000dea80000, 0x0000000100000000)
  eden space 131072K, 0% used [0x00000000d5580000,0x00000000d5580000,0x00000000dd580000)
  from space 10752K, 99% used [0x00000000de000000,0x00000000dea7ee58,0x00000000dea80000)
  to   space 10752K, 0% used [0x00000000dd580000,0x00000000dd580000,0x00000000de000000)
 ParOldGen       total 175104K, used 3389K [0x0000000080000000, 0x000000008ab00000, 0x00000000d5580000)
  object space 175104K, 1% used [0x0000000080000000,0x000000008034f408,0x000000008ab00000)
 Metaspace       used 20758K, capacity 21050K, committed 21296K, reserved 1069056K
  class space    used 2284K, capacity 2368K, committed 2432K, reserved 1048576K
Event: 1.972 GC heap after
Heap after GC invocations=5 (full 1):
 PSYoungGen      total 141824K, used 0K [0x00000000d5580000, 0x00000000dea80000, 0x0000000100000000)
  eden space 131072K, 0% used [0x00000000d5580000,0x00000000d5580000,0x00000000dd580000)
  from space 10752K, 0% used [0x00000000de000000,0x00000000de000000,0x00000000dea80000)
  to   space 10752K, 0% used [0x00000000dd580000,0x00000000dd580000,0x00000000de000000)
 ParOldGen       total 116224K, used 13183K [0x0000000080000000, 0x0000000087180000, 0x00000000d5580000)
  object space 116224K, 11% used [0x0000000080000000,0x0000000080cdfdb8,0x0000000087180000)
 Metaspace       used 20758K, capacity 21050K, committed 21296K, reserved 1069056K
  class space    used 2284K, capacity 2368K, committed 2432K, reserved 1048576K
}

Deoptimization events (10 events):
Event: 8.526 Thread 0x0000000002c2a800 Uncommon trap: reason=class_check action=maybe_recompile pc=0x000000000383c104 method=org.openqa.selenium.json.Input.init()V @ 18
Event: 8.526 Thread 0x0000000002c2a800 Uncommon trap: reason=class_check action=maybe_recompile pc=0x000000000383c104 method=org.openqa.selenium.json.Input.init()V @ 18
Event: 8.526 Thread 0x0000000002c2a800 Uncommon trap: reason=class_check action=maybe_recompile pc=0x000000000383c104 method=org.openqa.selenium.json.Input.init()V @ 18
Event: 8.576 Thread 0x0000000002c2a800 Uncommon trap: reason=unstable_if action=reinterpret pc=0x000000000306db20 method=java.util.HashMap.getNode(ILjava/lang/Object;)Ljava/util/HashMap$Node; @ 129
Event: 8.576 Thread 0x0000000002c2a800 Uncommon trap: reason=bimorphic action=maybe_recompile pc=0x000000000376a5fc method=java.util.HashMap.putVal(ILjava/lang/Object;Ljava/lang/Object;ZZ)Ljava/lang/Object; @ 203
Event: 8.576 Thread 0x0000000002c2a800 Uncommon trap: reason=unstable_if action=reinterpret pc=0x000000000306d510 method=java.util.HashMap.getNode(ILjava/lang/Object;)Ljava/util/HashMap$Node; @ 129
Event: 8.576 Thread 0x0000000002c2a800 Uncommon trap: reason=bimorphic action=maybe_recompile pc=0x000000000376a5fc method=java.util.HashMap.putVal(ILjava/lang/Object;Ljava/lang/Object;ZZ)Ljava/lang/Object; @ 203
Event: 8.588 Thread 0x0000000002c2a800 Uncommon trap: reason=bimorphic action=maybe_recompile pc=0x000000000376a5fc method=java.util.HashMap.putVal(ILjava/lang/Object;Ljava/lang/Object;ZZ)Ljava/lang/Object; @ 203
Event: 8.588 Thread 0x0000000002c2a800 Uncommon trap: reason=bimorphic action=maybe_recompile pc=0x000000000376a5fc method=java.util.HashMap.putVal(ILjava/lang/Object;Ljava/lang/Object;ZZ)Ljava/lang/Object; @ 203
Event: 8.657 Thread 0x0000000002c2a800 Uncommon trap: reason=bimorphic action=maybe_recompile pc=0x0000000003317870 method=java.net.URL.<init>(Ljava/net/URL;Ljava/lang/String;Ljava/net/URLStreamHandler;)V @ 504

Classes redefined (0 events):
No events

Internal exceptions (10 events):
Event: 3.718 Thread 0x0000000002c2a800 Exception <a 'java/lang/NoSuchMethodError': java.lang.Object.lambda$chars$0()Ljava/util/Spliterator$OfInt;> (0x00000000d9a6e220) thrown at [C:\re\workspace\8-2-build-windows-amd64-cygwin\jdk8u181\11358\hotspot\src\share\vm\interpreter\linkResolver.cpp, li
Event: 8.532 Thread 0x0000000002c2a800 Exception <a 'java/lang/NoSuchMethodError': java.lang.Object.lambda$getResponseFunction$0(Lorg/openqa/selenium/remote/InitialHandshakeResponse;)Lorg/openqa/selenium/remote/ProtocolHandshake$Result;> (0x00000000dac10790) thrown at [C:\re\workspace\8-2-buil
Event: 8.602 Thread 0x0000000002c2a800 Exception <a 'java/net/SocketTimeoutException': Read timed out> (0x00000000db0c0428) thrown at [C:\re\workspace\8-2-build-windows-amd64-cygwin\jdk8u181\11358\hotspot\src\share\vm\prims\jni.cpp, line 735]
Event: 8.607 Thread 0x0000000002c2a800 Exception <a 'java/net/SocketTimeoutException': Read timed out> (0x00000000db0da950) thrown at [C:\re\workspace\8-2-build-windows-amd64-cygwin\jdk8u181\11358\hotspot\src\share\vm\prims\jni.cpp, line 735]
Event: 8.618 Thread 0x0000000002c2a800 Exception <a 'java/net/SocketTimeoutException': Read timed out> (0x00000000db1557d0) thrown at [C:\re\workspace\8-2-build-windows-amd64-cygwin\jdk8u181\11358\hotspot\src\share\vm\prims\jni.cpp, line 735]
Event: 8.631 Thread 0x0000000002c2a800 Exception <a 'java/net/SocketTimeoutException': Read timed out> (0x00000000db187a70) thrown at [C:\re\workspace\8-2-build-windows-amd64-cygwin\jdk8u181\11358\hotspot\src\share\vm\prims\jni.cpp, line 735]
Event: 8.635 Thread 0x0000000002c2a800 Exception <a 'java/net/SocketTimeoutException': Read timed out> (0x00000000db19dc60) thrown at [C:\re\workspace\8-2-build-windows-amd64-cygwin\jdk8u181\11358\hotspot\src\share\vm\prims\jni.cpp, line 735]
Event: 8.647 Thread 0x0000000002c2a800 Exception <a 'java/lang/ClassNotFoundException': com/kms/katalon/core/webui/keyword/builtin/NavigateToUrlKeywordBeanInfo> (0x00000000db5acc60) thrown at [C:\re\workspace\8-2-build-windows-amd64-cygwin\jdk8u181\11358\hotspot\src\share\vm\classfile\systemDi
Event: 8.649 Thread 0x0000000002c2a800 Exception <a 'java/lang/ClassNotFoundException': com/kms/katalon/core/webui/keyword/builtin/NavigateToUrlKeywordCustomizer> (0x00000000db5fa508) thrown at [C:\re\workspace\8-2-build-windows-amd64-cygwin\jdk8u181\11358\hotspot\src\share\vm\classfile\system
Event: 8.662 Thread 0x0000000002c2a800 Exception <a 'java/net/SocketTimeoutException': Read timed out> (0x00000000db7319c8) thrown at [C:\re\workspace\8-2-build-windows-amd64-cygwin\jdk8u181\11358\hotspot\src\share\vm\prims\jni.cpp, line 735]

Events (10 events):
Event: 8.657 loading class com/kms/katalon/core/util/internal/PathUtil
Event: 8.657 loading class com/kms/katalon/core/util/internal/PathUtil done
Event: 8.657 Thread 0x0000000002c2a800 Uncommon trap: trap_request=0xffffffc6 fr.pc=0x0000000003317870
Event: 8.657 Thread 0x0000000002c2a800 DEOPT PACKING pc=0x0000000003317870 sp=0x0000000002c1d920
Event: 8.657 Thread 0x0000000002c2a800 DEOPT UNPACKING pc=0x0000000002d6583b sp=0x0000000002c1d8a8 mode 2
Event: 8.657 loading class org/openqa/selenium/support/events/EventFiringWebDriver$EventFiringNavigation
Event: 8.657 loading class org/openqa/selenium/support/events/EventFiringWebDriver$EventFiringNavigation done
Event: 8.658 loading class org/openqa/selenium/remote/RemoteWebDriver$RemoteNavigation
Event: 8.658 loading class org/openqa/selenium/remote/RemoteWebDriver$RemoteNavigation done
Event: 8.662 Thread 0x000000001f01c000 Thread exited: 0x000000001f01c000


Dynamic libraries:
0x00007ff68d090000 - 0x00007ff68d0c7000 	F:\Katalon_Studio_Windows_64-7.2.1\jre\bin\javaw.exe
0x00007ffdd3760000 - 0x00007ffdd3950000 	C:\WINDOWS\SYSTEM32\ntdll.dll
0x00007ffdd3550000 - 0x00007ffdd3602000 	C:\WINDOWS\System32\KERNEL32.DLL
0x00007ffdd0b10000 - 0x00007ffdd0db3000 	C:\WINDOWS\System32\KERNELBASE.dll
0x00007ffdd22e0000 - 0x00007ffdd2383000 	C:\WINDOWS\System32\ADVAPI32.dll
0x00007ffdd1f10000 - 0x00007ffdd1fae000 	C:\WINDOWS\System32\msvcrt.dll
0x00007ffdd1ce0000 - 0x00007ffdd1d77000 	C:\WINDOWS\System32\sechost.dll
0x00007ffdd1870000 - 0x00007ffdd1990000 	C:\WINDOWS\System32\RPCRT4.dll
0x00007ffdd1990000 - 0x00007ffdd1b24000 	C:\WINDOWS\System32\USER32.dll
0x00007ffdd17e0000 - 0x00007ffdd1801000 	C:\WINDOWS\System32\win32u.dll
0x00007ffdd2390000 - 0x00007ffdd23b6000 	C:\WINDOWS\System32\GDI32.dll
0x00007ffdd0940000 - 0x00007ffdd0ad4000 	C:\WINDOWS\System32\gdi32full.dll
0x00007ffdd1540000 - 0x00007ffdd15de000 	C:\WINDOWS\System32\msvcp_win.dll
0x00007ffdd0840000 - 0x00007ffdd093a000 	C:\WINDOWS\System32\ucrtbase.dll
0x00007ffdbcf10000 - 0x00007ffdbd195000 	C:\WINDOWS\WinSxS\amd64_microsoft.windows.common-controls_6595b64144ccf1df_6.0.18362.719_none_e6c7b883130c6729\COMCTL32.dll
0x00007ffdd2c50000 - 0x00007ffdd2f86000 	C:\WINDOWS\System32\combase.dll
0x00007ffdd06f0000 - 0x00007ffdd0770000 	C:\WINDOWS\System32\bcryptPrimitives.dll
0x00007ffdd1d80000 - 0x00007ffdd1dae000 	C:\WINDOWS\System32\IMM32.DLL
0x00007ffdce840000 - 0x00007ffdce86b000 	C:\Program Files\MacType\MacType64.dll
0x00007ffd8de50000 - 0x00007ffd8dea6000 	C:\Program Files\MacType\Easyhk64.dll
0x00007ffd9ccc0000 - 0x00007ffd9cdce000 	C:\Program Files\MacType\MacType64.Core.dll
0x00007ffdcd2c0000 - 0x00007ffdcd880000 	C:\WINDOWS\SYSTEM32\d2d1.dll
0x00007ffda6e70000 - 0x00007ffda716e000 	C:\WINDOWS\SYSTEM32\dwrite.dll
0x000000005e600000 - 0x000000005e6d2000 	F:\Katalon_Studio_Windows_64-7.2.1\jre\bin\msvcr100.dll
0x000000005e9f0000 - 0x000000005f292000 	F:\Katalon_Studio_Windows_64-7.2.1\jre\bin\server\jvm.dll
0x00007ffdd2150000 - 0x00007ffdd2158000 	C:\WINDOWS\System32\PSAPI.DLL
0x00007ffdb3c10000 - 0x00007ffdb3c19000 	C:\WINDOWS\SYSTEM32\WSOCK32.dll
0x00007ffdca340000 - 0x00007ffdca34a000 	C:\WINDOWS\SYSTEM32\VERSION.dll
0x00007ffdce620000 - 0x00007ffdce644000 	C:\WINDOWS\SYSTEM32\WINMM.dll
0x00007ffdd20e0000 - 0x00007ffdd214f000 	C:\WINDOWS\System32\WS2_32.dll
0x00007ffdce150000 - 0x00007ffdce17d000 	C:\WINDOWS\SYSTEM32\WINMMBASE.dll
0x00007ffdd07f0000 - 0x00007ffdd083a000 	C:\WINDOWS\System32\cfgmgr32.dll
0x0000000060c50000 - 0x0000000060c5f000 	F:\Katalon_Studio_Windows_64-7.2.1\jre\bin\verify.dll
0x0000000060c20000 - 0x0000000060c49000 	F:\Katalon_Studio_Windows_64-7.2.1\jre\bin\java.dll
0x0000000060c00000 - 0x0000000060c16000 	F:\Katalon_Studio_Windows_64-7.2.1\jre\bin\zip.dll
0x00007ffdd2560000 - 0x00007ffdd2c45000 	C:\WINDOWS\System32\SHELL32.dll
0x00007ffdd2170000 - 0x00007ffdd2219000 	C:\WINDOWS\System32\shcore.dll
0x00007ffdd0dc0000 - 0x00007ffdd1540000 	C:\WINDOWS\System32\windows.storage.dll
0x00007ffdd0680000 - 0x00007ffdd06a3000 	C:\WINDOWS\System32\profapi.dll
0x00007ffdd0630000 - 0x00007ffdd067a000 	C:\WINDOWS\System32\powrprof.dll
0x00007ffdd0620000 - 0x00007ffdd0630000 	C:\WINDOWS\System32\UMPDC.dll
0x00007ffdd2080000 - 0x00007ffdd20d2000 	C:\WINDOWS\System32\shlwapi.dll
0x00007ffdd06b0000 - 0x00007ffdd06c1000 	C:\WINDOWS\System32\kernel.appcore.dll
0x00007ffdd0770000 - 0x00007ffdd0787000 	C:\WINDOWS\System32\cryptsp.dll
0x0000000060be0000 - 0x0000000060bfa000 	F:\Katalon_Studio_Windows_64-7.2.1\jre\bin\net.dll
0x00007ffdcfe90000 - 0x00007ffdcfef7000 	C:\WINDOWS\system32\mswsock.dll
0x0000000060bc0000 - 0x0000000060bd1000 	F:\Katalon_Studio_Windows_64-7.2.1\jre\bin\nio.dll
0x00007ffdcfbe0000 - 0x00007ffdcfcaa000 	C:\WINDOWS\SYSTEM32\DNSAPI.dll
0x00007ffdd2160000 - 0x00007ffdd2168000 	C:\WINDOWS\System32\NSI.dll
0x00007ffdcfba0000 - 0x00007ffdcfbda000 	C:\WINDOWS\SYSTEM32\IPHLPAPI.DLL
0x00007ffdc7e90000 - 0x00007ffdc7e9a000 	C:\Windows\System32\rasadhlp.dll
0x00007ffdc7ef0000 - 0x00007ffdc7f67000 	C:\WINDOWS\System32\fwpuclnt.dll
0x0000000002ac0000 - 0x0000000002ae6000 	C:\WINDOWS\System32\bcrypt.dll
0x000000005e8a0000 - 0x000000005e8c4000 	F:\Katalon_Studio_Windows_64-7.2.1\jre\bin\sunec.dll
0x000000005e890000 - 0x000000005e89b000 	F:\Katalon_Studio_Windows_64-7.2.1\jre\bin\sunmscapi.dll
0x00007ffdd15e0000 - 0x00007ffdd1729000 	C:\WINDOWS\System32\CRYPT32.dll
0x00007ffdd06d0000 - 0x00007ffdd06e2000 	C:\WINDOWS\System32\MSASN1.dll
0x00007ffdc96a0000 - 0x00007ffdc96b6000 	C:\WINDOWS\SYSTEM32\dhcpcsvc6.DLL
0x00007ffdc9270000 - 0x00007ffdc928c000 	C:\WINDOWS\SYSTEM32\dhcpcsvc.DLL
0x00007ffdcfa00000 - 0x00007ffdcfa33000 	C:\WINDOWS\system32\rsaenh.dll
0x00007ffdd0540000 - 0x00007ffdd0565000 	C:\WINDOWS\SYSTEM32\USERENV.dll
0x00007ffdd0060000 - 0x00007ffdd006c000 	C:\WINDOWS\SYSTEM32\CRYPTBASE.dll
0x00007ffdb2e20000 - 0x00007ffdb2e36000 	C:\WINDOWS\system32\napinsp.dll
0x00007ffdb2e00000 - 0x00007ffdb2e1a000 	C:\WINDOWS\system32\pnrpnsp.dll
0x00007ffdb3c80000 - 0x00007ffdb3c8e000 	C:\WINDOWS\System32\winrnr.dll
0x00007ffdccd20000 - 0x00007ffdccd3c000 	C:\WINDOWS\system32\NLAapi.dll
0x00007ffdcbb70000 - 0x00007ffdcbb85000 	C:\WINDOWS\system32\wshbth.dll

VM Arguments:
jvm_args: -Dgroovy.home=/F:/Katalon_Studio_Windows_64-7.2.1/plugins/org.codehaus.groovy_2.4.7.xx-201611170128-e46/ -Xmx2048m -Dfile.encoding=UTF-8 
java_command: org.codehaus.groovy.tools.GroovyStarter --classpath C:\Users\yinguohao\Katalon Studio\test\Include\scripts\groovy;C:\Users\yinguohao\Katalon Studio\test\Keywords;C:\Users\yinguohao\Katalon Studio\test\Libs;C:\Users\yinguohao\Katalon Studio\test\Test Listeners;F:\Katalon_Studio_Windows_64-7.2.1\configuration\resources\lib\aalto-xml-1.0.0.jar;F:\Katalon_Studio_Windows_64-7.2.1\configuration\resources\lib\aspectjweaver-1.9.1.jar;F:\Katalon_Studio_Windows_64-7.2.1\configuration\resources\lib\bcpkix-jdk15on-1.58.jar;F:\Katalon_Studio_Windows_64-7.2.1\configuration\resources\lib\bcprov-jdk15on-1.58.jar;F:\Katalon_Studio_Windows_64-7.2.1\configuration\resources\lib\browsermob-core-2.1.5.jar;F:\Katalon_Studio_Windows_64-7.2.1\configuration\resources\lib\cglib-3.2.10.jar;F:\Katalon_Studio_Windows_64-7.2.1\configuration\resources\lib\commons-codec-1.10.jar;F:\Katalon_Studio_Windows_64-7.2.1\configuration\resources\lib\commons-collections4-4.1.jar;F:\Katalon_Studio_Windows_64-7.2.1\configuration\resources\lib\commons-validator-1.6.jar;F:\Katalon_Studio_Windows_64-7.2.1\configuration\resources\lib\curvesapi-1.04.jar;F:\Katalon_Studio_Windows_64-7.2.1\configuration\resources\lib\dnsjava-2.1.8.jar;F:\Katalon_Studio_Windows_64-7.2.1\configuration\resources\lib\java-client-7.0.0.jar;F:\Katalon_Studio_Windows_64-7.2.1\configuration\resources\lib\jna-4.1.0.jar;F:\Katalon_Studio_Windows_64-7.2.1\configuration\resources\lib\jna-platform-4.1.0.jar;F:\Katalon_Studio_Windows_64-7.2.1\configuration\resources\lib\jzlib-1.1.3.jar;F:\Katalon_Studio_Windows_64-7.2.1\configuration\resources\lib\kat-server.jar;F:\Katalon_Studio_Windows_64-7.2.1\configuration\resources\lib\littleproxy-1.1.0-beta-bmp-17.jar;F:\Katalon_Studio_Windows_64-7.2.1\configuration\resources\lib\mitm-2.1.5.jar;F:\Katalon_Studio_Windows_64-7.2.1\configuration\resources\lib\netty-all-4.0.51.Final.jar;F:\Katalon_Studio_Windows_64-7.2.1\configuration\resources\lib\poi-3.17.jar;F:\Katalon_Studio_Windows_64-7.2.1\
java_class_path (initial): C:\Users\yinguohao\Katalon Studio\test\bin\keyword;C:\Users\yinguohao\Katalon Studio\test\bin\listener;C:\Users\yinguohao\Katalon Studio\test\bin\lib;C:\Users\yinguohao\Katalon Studio\test\bin\groovy;C:\Users\yinguohao\Katalon Studio\test\bin;F:\Katalon_Studio_Windows_64-7.2.1\plugins\com.kms.katalon.core_1.0.0.201912180934.jar;F:\Katalon_Studio_Windows_64-7.2.1\configuration\resources\lib\aalto-xml-1.0.0.jar;F:\Katalon_Studio_Windows_64-7.2.1\configuration\resources\lib\aspectjweaver-1.9.1.jar;F:\Katalon_Studio_Windows_64-7.2.1\configuration\resources\lib\bcpkix-jdk15on-1.58.jar;F:\Katalon_Studio_Windows_64-7.2.1\configuration\resources\lib\bcprov-jdk15on-1.58.jar;F:\Katalon_Studio_Windows_64-7.2.1\configuration\resources\lib\browsermob-core-2.1.5.jar;F:\Katalon_Studio_Windows_64-7.2.1\configuration\resources\lib\cglib-3.2.10.jar;F:\Katalon_Studio_Windows_64-7.2.1\configuration\resources\lib\commons-codec-1.10.jar;F:\Katalon_Studio_Windows_64-7.2.1\configuration\resources\lib\commons-collections4-4.1.jar;F:\Katalon_Studio_Windows_64-7.2.1\configuration\resources\lib\commons-validator-1.6.jar;F:\Katalon_Studio_Windows_64-7.2.1\configuration\resources\lib\curvesapi-1.04.jar;F:\Katalon_Studio_Windows_64-7.2.1\configuration\resources\lib\dnsjava-2.1.8.jar;F:\Katalon_Studio_Windows_64-7.2.1\configuration\resources\lib\java-client-7.0.0.jar;F:\Katalon_Studio_Windows_64-7.2.1\configuration\resources\lib\jna-4.1.0.jar;F:\Katalon_Studio_Windows_64-7.2.1\configuration\resources\lib\jna-platform-4.1.0.jar;F:\Katalon_Studio_Windows_64-7.2.1\configuration\resources\lib\jzlib-1.1.3.jar;F:\Katalon_Studio_Windows_64-7.2.1\configuration\resources\lib\kat-server.jar;F:\Katalon_Studio_Windows_64-7.2.1\configuration\resources\lib\littleproxy-1.1.0-beta-bmp-17.jar;F:\Katalon_Studio_Windows_64-7.2.1\configuration\resources\lib\mitm-2.1.5.jar;F:\Katalon_Studio_Windows_64-7.2.1\configuration\resources\lib\netty-all-4.0.51.Final.jar;F:\Katalon_Studio_Windows_64
Launcher Type: SUN_STANDARD

Environment Variables:
CLASSPATH=classpath=%JMETER_HOME%\lib\ext\ApacheJMeter_core.jar;%JMETER_HOME%\lib\jorphan.jar;%JMETER_HOME%\lib/logkit-2.0.jar;
PATH=F:/Katalon_Studio_Windows_64-7.2.1/jre/bin/server;F:/Katalon_Studio_Windows_64-7.2.1/jre/bin;F:/Katalon_Studio_Windows_64-7.2.1/jre/lib/amd64;C:\Program Files (x86)\Common Files\Oracle\Java\javapath;C:\Windows\system32;C:\Windows;C:\Windows\System32\Wbem;C:\Windows\System32\WindowsPowerShell\v1.0\;C:\Windows\System32\OpenSSH\;C:\Program Files\Intel\WiFi\bin\;C:\Program Files\Common Files\Intel\WirelessCommon\;C:\Program Files (x86)\NVIDIA Corporation\PhysX\Common;C:\Program Files\NVIDIA Corporation\NVIDIA NvDLISR;F:\driver;C:\WINDOWS\system32;C:\WINDOWS;C:\WINDOWS\System32\Wbem;C:\WINDOWS\System32\WindowsPowerShell\v1.0\;C:\WINDOWS\System32\OpenSSH\;C:\Program Files\Git\cmd;C:\Program Files\TortoiseGit\bin;C:\Users\yinguohao\AppData\Local\Programs\Python\Python36\Scripts\;C:\Users\yinguohao\AppData\Local\Programs\Python\Python36\;C:\Users\yinguohao\AppData\Local\Microsoft\WindowsApps;F:\driver;C:\Users\yinguohao\AppData\Local\BypassRuntm;F:\Katalon_Studio_Windows_64-7.2.1;
USERNAME=yinguohao
OS=Windows_NT
PROCESSOR_IDENTIFIER=Intel64 Family 6 Model 158 Stepping 10, GenuineIntel



---------------  S Y S T E M  ---------------

OS: Windows 10.0 , 64 bit Build 18362 (10.0.18362.329)

CPU:total 12 (initial active 12) (6 cores per cpu, 2 threads per core) family 6 model 158 stepping 10, cmov, cx8, fxsr, mmx, sse, sse2, sse3, ssse3, sse4.1, sse4.2, popcnt, avx, avx2, aes, clmul, erms, 3dnowpref, lzcnt, ht, tsc, tscinvbit, bmi1, bmi2, adx

Memory: 4k page, physical 16664868k(10951944k free), swap 48550180k(4456k free)

vm_info: Java HotSpot(TM) 64-Bit Server VM (25.181-b13) for windows-amd64 JRE (1.8.0_181-b13), built on Jul  7 2018 04:01:33 by "java_re" with MS VC++ 10.0 (VS2010)

time: Thu Mar 12 18:11:26 2020
elapsed time: 9 seconds (0d 0h 0m 9s)

